build/app/intermediates/manifest_merge_blame_file/debug/manifest-merger-blame-debug-report.txt
1<?xml version="1.0" encoding="utf-8"?>
2<manifest xmlns:android="http://schemas.android.com/apk/res/android"
3    package="com.eco.temp"
4    android:versionCode="1"
5    android:versionName="1.0.0" >
6
7    <uses-sdk
8        android:minSdkVersion="21"
9        android:targetSdkVersion="30" />
10    <!--
11         Flutter needs it to communicate with the running application
12         to allow setting breakpoints, to provide hot reload, etc.
13    -->
14    <uses-permission android:name="android.permission.INTERNET" />
14-->src\debug\AndroidManifest.xml:6:5-66
14-->src\debug\AndroidManifest.xml:6:22-64
15    <uses-permission android:name="android.permission.INTERTNET" />
15-->src\main\AndroidManifest.xml:3:5-67
15-->src\main\AndroidManifest.xml:3:22-65
16    <uses-permission android:name="android.permission.ACCESS_NETWORK_STATE" />
16-->src\main\AndroidManifest.xml:4:5-79
16-->src\main\AndroidManifest.xml:4:22-76
17    <uses-permission android:name="android.permission.WRITE_EXTERNAL_STORAGE" />
17-->src\main\AndroidManifest.xml:5:5-80
17-->src\main\AndroidManifest.xml:5:22-78
18    <uses-permission android:name="android.permission.READ_EXTERNAL_STORAGE" />
18-->src\main\AndroidManifest.xml:6:5-79
18-->src\main\AndroidManifest.xml:6:22-77
19    <uses-permission android:name="android.permission.ACCESS_COARSE_LOCATION" />
19-->src\main\AndroidManifest.xml:7:5-81
19-->src\main\AndroidManifest.xml:7:22-78
20    <uses-permission android:name="android.permission.ACCESS_FINE_LOCATION" /> <!-- Create a unique permission for your app and use it so only your app can receive your OneSignal messages. -->
20-->[:location] AndroidManifest.xml:8:5-79
20-->[:location] AndroidManifest.xml:8:22-76
21    <permission
21-->[com.onesignal:OneSignal:3.16.0] AndroidManifest.xml:7:5-9:47
22        android:name="com.eco.temp.permission.C2D_MESSAGE"
22-->[com.onesignal:OneSignal:3.16.0] AndroidManifest.xml:8:9-63
23        android:protectionLevel="signature" />
23-->[com.onesignal:OneSignal:3.16.0] AndroidManifest.xml:9:9-44
24
25    <uses-permission android:name="com.eco.temp.permission.C2D_MESSAGE" />
25-->[com.onesignal:OneSignal:3.16.0] AndroidManifest.xml:11:5-79
25-->[com.onesignal:OneSignal:3.16.0] AndroidManifest.xml:11:22-76
26    <uses-permission android:name="com.google.android.c2dm.permission.RECEIVE" /> <!-- Required, makes sure notifications are delivered on time. -->
26-->[com.onesignal:OneSignal:3.16.0] AndroidManifest.xml:17:5-82
26-->[com.onesignal:OneSignal:3.16.0] AndroidManifest.xml:17:22-79
27    <uses-permission android:name="android.permission.WAKE_LOCK" />
27-->[com.onesignal:OneSignal:3.16.0] AndroidManifest.xml:18:5-68
27-->[com.onesignal:OneSignal:3.16.0] AndroidManifest.xml:18:22-65
28    <!--
29 Required so the device vibrates on receiving a push notification.
30         Vibration settings of the device still apply.
31    -->
32    <uses-permission android:name="android.permission.VIBRATE" />
32-->[com.onesignal:OneSignal:3.16.0] AndroidManifest.xml:23:5-66
32-->[com.onesignal:OneSignal:3.16.0] AndroidManifest.xml:23:22-63
33    <!--
34 Use to restore notifications the user hasn't interacted with.
35         They could be missed notifications if the user reboots their device if this isn't in place.
36    -->
37    <uses-permission android:name="android.permission.RECEIVE_BOOT_COMPLETED" /> <!-- START: ShortcutBadger -->
37-->[com.onesignal:OneSignal:3.16.0] AndroidManifest.xml:29:5-81
37-->[com.onesignal:OneSignal:3.16.0] AndroidManifest.xml:29:22-78
38    <!-- Samsung -->
39    <uses-permission android:name="com.sec.android.provider.badge.permission.READ" />
39-->[com.onesignal:OneSignal:3.16.0] AndroidManifest.xml:31:5-86
39-->[com.onesignal:OneSignal:3.16.0] AndroidManifest.xml:31:22-83
40    <uses-permission android:name="com.sec.android.provider.badge.permission.WRITE" /> <!-- HTC -->
40-->[com.onesignal:OneSignal:3.16.0] AndroidManifest.xml:32:5-87
40-->[com.onesignal:OneSignal:3.16.0] AndroidManifest.xml:32:22-84
41    <uses-permission android:name="com.htc.launcher.permission.READ_SETTINGS" />
41-->[com.onesignal:OneSignal:3.16.0] AndroidManifest.xml:33:5-81
41-->[com.onesignal:OneSignal:3.16.0] AndroidManifest.xml:33:22-78
42    <uses-permission android:name="com.htc.launcher.permission.UPDATE_SHORTCUT" /> <!-- Sony -->
42-->[com.onesignal:OneSignal:3.16.0] AndroidManifest.xml:34:5-83
42-->[com.onesignal:OneSignal:3.16.0] AndroidManifest.xml:34:22-80
43    <uses-permission android:name="com.sonyericsson.home.permission.BROADCAST_BADGE" />
43-->[com.onesignal:OneSignal:3.16.0] AndroidManifest.xml:35:5-88
43-->[com.onesignal:OneSignal:3.16.0] AndroidManifest.xml:35:22-85
44    <uses-permission android:name="com.sonymobile.home.permission.PROVIDER_INSERT_BADGE" /> <!-- Apex -->
44-->[com.onesignal:OneSignal:3.16.0] AndroidManifest.xml:36:5-92
44-->[com.onesignal:OneSignal:3.16.0] AndroidManifest.xml:36:22-89
45    <uses-permission android:name="com.anddoes.launcher.permission.UPDATE_COUNT" /> <!-- Solid -->
45-->[com.onesignal:OneSignal:3.16.0] AndroidManifest.xml:37:5-84
45-->[com.onesignal:OneSignal:3.16.0] AndroidManifest.xml:37:22-81
46    <uses-permission android:name="com.majeur.launcher.permission.UPDATE_BADGE" /> <!-- Huawei -->
46-->[com.onesignal:OneSignal:3.16.0] AndroidManifest.xml:38:5-83
46-->[com.onesignal:OneSignal:3.16.0] AndroidManifest.xml:38:22-80
47    <uses-permission android:name="com.huawei.android.launcher.permission.CHANGE_BADGE" />
47-->[com.onesignal:OneSignal:3.16.0] AndroidManifest.xml:39:5-91
47-->[com.onesignal:OneSignal:3.16.0] AndroidManifest.xml:39:22-88
48    <uses-permission android:name="com.huawei.android.launcher.permission.READ_SETTINGS" />
48-->[com.onesignal:OneSignal:3.16.0] AndroidManifest.xml:40:5-92
48-->[com.onesignal:OneSignal:3.16.0] AndroidManifest.xml:40:22-89
49    <uses-permission android:name="com.huawei.android.launcher.permission.WRITE_SETTINGS" /> <!-- ZUK -->
49-->[com.onesignal:OneSignal:3.16.0] AndroidManifest.xml:41:5-93
49-->[com.onesignal:OneSignal:3.16.0] AndroidManifest.xml:41:22-90
50    <uses-permission android:name="android.permission.READ_APP_BADGE" /> <!-- OPPO -->
50-->[com.onesignal:OneSignal:3.16.0] AndroidManifest.xml:42:5-73
50-->[com.onesignal:OneSignal:3.16.0] AndroidManifest.xml:42:22-70
51    <uses-permission android:name="com.oppo.launcher.permission.READ_SETTINGS" />
51-->[com.onesignal:OneSignal:3.16.0] AndroidManifest.xml:43:5-82
51-->[com.onesignal:OneSignal:3.16.0] AndroidManifest.xml:43:22-79
52    <uses-permission android:name="com.oppo.launcher.permission.WRITE_SETTINGS" /> <!-- EvMe -->
52-->[com.onesignal:OneSignal:3.16.0] AndroidManifest.xml:44:5-83
52-->[com.onesignal:OneSignal:3.16.0] AndroidManifest.xml:44:22-80
53    <uses-permission android:name="me.everything.badger.permission.BADGE_COUNT_READ" />
53-->[com.onesignal:OneSignal:3.16.0] AndroidManifest.xml:45:5-88
53-->[com.onesignal:OneSignal:3.16.0] AndroidManifest.xml:45:22-85
54    <uses-permission android:name="me.everything.badger.permission.BADGE_COUNT_WRITE" />
54-->[com.onesignal:OneSignal:3.16.0] AndroidManifest.xml:46:5-89
54-->[com.onesignal:OneSignal:3.16.0] AndroidManifest.xml:46:22-86
55    <uses-permission android:name="com.google.android.finsky.permission.BIND_GET_INSTALL_REFERRER_SERVICE" />
55-->[com.google.android.gms:play-services-measurement:19.0.1] AndroidManifest.xml:26:5-110
55-->[com.google.android.gms:play-services-measurement:19.0.1] AndroidManifest.xml:26:22-107
56
57    <uses-feature
57-->[com.google.android.gms:play-services-maps:17.0.0] AndroidManifest.xml:26:5-28:35
58        android:glEsVersion="0x00020000"
58-->[com.google.android.gms:play-services-maps:17.0.0] AndroidManifest.xml:27:9-41
59        android:required="true" />
59-->[com.google.android.gms:play-services-maps:17.0.0] AndroidManifest.xml:28:9-32
60
61    <uses-permission android:name="android.permission.FOREGROUND_SERVICE" />
61-->[androidx.work:work-runtime:2.4.0] AndroidManifest.xml:28:5-77
61-->[androidx.work:work-runtime:2.4.0] AndroidManifest.xml:28:22-74
62
63    <application
63-->src\main\AndroidManifest.xml:12:5-59:19
64        android:appComponentFactory="androidx.core.app.CoreComponentFactory"
64-->[androidx.core:core:1.3.2] AndroidManifest.xml:24:18-86
65        android:debuggable="true"
66        android:icon="@mipmap/launcher_icon"
66-->src\main\AndroidManifest.xml:14:9-45
67        android:label=" Shopping app "
67-->src\main\AndroidManifest.xml:13:9-39
68        android:supportsRtl="true" >
68-->[com.facebook.android:facebook-login:5.5.1] AndroidManifest.xml:28:18-44
69        <meta-data
69-->src\main\AndroidManifest.xml:16:9-17:70
70            android:name="com.google.android.geo.API_KEY"
70-->src\main\AndroidManifest.xml:16:20-65
71            android:value="AIzaSyBW3WO2ZHalL-yrQLLdTogo8LKT-yB5xyU" />
71-->src\main\AndroidManifest.xml:17:13-68
72
73        <activity
73-->src\main\AndroidManifest.xml:19:9-51:20
74            android:name="com.eco.temp.MainActivity"
74-->src\main\AndroidManifest.xml:20:13-41
75            android:configChanges="orientation|keyboardHidden|keyboard|screenSize|smallestScreenSize|locale|layoutDirection|fontScale|screenLayout|density|uiMode"
75-->src\main\AndroidManifest.xml:23:13-163
76            android:hardwareAccelerated="true"
76-->src\main\AndroidManifest.xml:24:13-47
77            android:launchMode="singleTask"
77-->src\main\AndroidManifest.xml:21:13-44
78            android:theme="@style/LaunchTheme"
78-->src\main\AndroidManifest.xml:22:13-47
79            android:windowSoftInputMode="adjustResize" >
79-->src\main\AndroidManifest.xml:25:13-55
80
81            <!--
82                 Specifies an Android theme to apply to this Activity as soon as
83                 the Android process has started. This theme is visible to the user
84                 while the Flutter UI initializes. After that, this theme continues
85                 to determine the Window background behind the Flutter UI.
86            -->
87            <meta-data
87-->src\main\AndroidManifest.xml:30:13-33:19
88                android:name="io.flutter.embedding.android.NormalTheme"
88-->src\main\AndroidManifest.xml:31:17-72
89                android:resource="@style/NormalTheme" />
89-->src\main\AndroidManifest.xml:32:17-54
90            <!--
91                 Displays an Android View that continues showing the launch screen
92                 Drawable until Flutter paints its first frame, then this splash
93                 screen fades out. A splash screen is useful to avoid any visual
94                 gap between the end of Android's launch screen and the painting of
95                 Flutter's first frame.
96            -->
97            <meta-data
97-->src\main\AndroidManifest.xml:39:13-42:19
98                android:name="io.flutter.embedding.android.SplashScreenDrawable"
98-->src\main\AndroidManifest.xml:40:17-81
99                android:resource="@drawable/launch_background" />
99-->src\main\AndroidManifest.xml:41:17-63
100
101            <intent-filter>
101-->src\main\AndroidManifest.xml:43:13-46:29
102                <action android:name="android.intent.action.MAIN" />
102-->src\main\AndroidManifest.xml:44:17-68
102-->src\main\AndroidManifest.xml:44:25-66
103
104                <category android:name="android.intent.category.LAUNCHER" />
104-->src\main\AndroidManifest.xml:45:17-76
104-->src\main\AndroidManifest.xml:45:27-74
105            </intent-filter>
106            <intent-filter>
106-->src\main\AndroidManifest.xml:47:13-50:29
107                <action android:name="FLUTTER_NOTIFICATION_CLICK" />
107-->src\main\AndroidManifest.xml:48:17-69
107-->src\main\AndroidManifest.xml:48:25-66
108
109                <category android:name="android.intent.category.DEFAULT" />
109-->src\main\AndroidManifest.xml:49:17-76
109-->src\main\AndroidManifest.xml:49:27-73
110            </intent-filter>
111        </activity>
112        <!--
113             Don't delete the meta-data below.
114             This is used by the Flutter tool to generate GeneratedPluginRegistrant.java
115        -->
116        <meta-data
116-->src\main\AndroidManifest.xml:54:9-56:33
117            android:name="flutterEmbedding"
117-->src\main\AndroidManifest.xml:55:13-44
118            android:value="2" />
118-->src\main\AndroidManifest.xml:56:13-30
119
120        <service
120-->[:cloud_firestore] AndroidManifest.xml:8:9-12:19
121            android:name="com.google.firebase.components.ComponentDiscoveryService"
121-->[:cloud_firestore] AndroidManifest.xml:8:18-89
122            android:directBootAware="true"
122-->[com.google.firebase:firebase-common:20.0.0] AndroidManifest.xml:35:13-43
123            android:exported="false" >
123-->[com.google.firebase:firebase-analytics-ktx:19.0.1] AndroidManifest.xml:10:13-37
124            <meta-data
124-->[:cloud_firestore] AndroidManifest.xml:9:13-11:85
125                android:name="com.google.firebase.components:io.flutter.plugins.firebase.firestore.FlutterFirebaseFirestoreRegistrar"
125-->[:cloud_firestore] AndroidManifest.xml:10:17-134
126                android:value="com.google.firebase.components.ComponentRegistrar" />
126-->[:cloud_firestore] AndroidManifest.xml:11:17-82
127            <meta-data
127-->[:firebase_auth] AndroidManifest.xml:9:13-11:85
128                android:name="com.google.firebase.components:io.flutter.plugins.firebase.auth.FlutterFirebaseAuthRegistrar"
128-->[:firebase_auth] AndroidManifest.xml:10:17-124
129                android:value="com.google.firebase.components.ComponentRegistrar" />
129-->[:firebase_auth] AndroidManifest.xml:11:17-82
130            <meta-data
130-->[:firebase_messaging] AndroidManifest.xml:14:13-16:85
131                android:name="com.google.firebase.components:io.flutter.plugins.firebasemessaging.FlutterFirebaseAppRegistrar"
131-->[:firebase_messaging] AndroidManifest.xml:15:17-127
132                android:value="com.google.firebase.components.ComponentRegistrar" />
132-->[:firebase_messaging] AndroidManifest.xml:16:17-82
133            <meta-data
133-->[:firebase_core] AndroidManifest.xml:9:13-11:85
134                android:name="com.google.firebase.components:io.flutter.plugins.firebase.core.FlutterFirebaseCoreRegistrar"
134-->[:firebase_core] AndroidManifest.xml:10:17-124
135                android:value="com.google.firebase.components.ComponentRegistrar" />
135-->[:firebase_core] AndroidManifest.xml:11:17-82
136            <meta-data
136-->[com.google.firebase:firebase-analytics-ktx:19.0.1] AndroidManifest.xml:11:13-13:85
137                android:name="com.google.firebase.components:com.google.firebase.analytics.ktx.FirebaseAnalyticsKtxRegistrar"
137-->[com.google.firebase:firebase-analytics-ktx:19.0.1] AndroidManifest.xml:12:17-126
138                android:value="com.google.firebase.components.ComponentRegistrar" />
138-->[com.google.firebase:firebase-analytics-ktx:19.0.1] AndroidManifest.xml:13:17-82
139            <meta-data
139-->[com.google.firebase:firebase-common-ktx:20.0.0] AndroidManifest.xml:15:13-17:85
140                android:name="com.google.firebase.components:com.google.firebase.ktx.FirebaseCommonKtxRegistrar"
140-->[com.google.firebase:firebase-common-ktx:20.0.0] AndroidManifest.xml:16:17-113
141                android:value="com.google.firebase.components.ComponentRegistrar" />
141-->[com.google.firebase:firebase-common-ktx:20.0.0] AndroidManifest.xml:17:17-82
142            <meta-data
142-->[com.google.firebase:firebase-auth:21.0.1] AndroidManifest.xml:77:13-79:85
143                android:name="com.google.firebase.components:com.google.firebase.auth.FirebaseAuthRegistrar"
143-->[com.google.firebase:firebase-auth:21.0.1] AndroidManifest.xml:78:17-109
144                android:value="com.google.firebase.components.ComponentRegistrar" />
144-->[com.google.firebase:firebase-auth:21.0.1] AndroidManifest.xml:79:17-82
145            <meta-data
145-->[com.google.firebase:firebase-messaging:22.0.0] AndroidManifest.xml:52:13-54:85
146                android:name="com.google.firebase.components:com.google.firebase.messaging.FirebaseMessagingRegistrar"
146-->[com.google.firebase:firebase-messaging:22.0.0] AndroidManifest.xml:53:17-119
147                android:value="com.google.firebase.components.ComponentRegistrar" />
147-->[com.google.firebase:firebase-messaging:22.0.0] AndroidManifest.xml:54:17-82
148            <meta-data
148-->[com.google.firebase:firebase-iid:21.1.0] AndroidManifest.xml:32:13-34:85
149                android:name="com.google.firebase.components:com.google.firebase.iid.Registrar"
149-->[com.google.firebase:firebase-iid:21.1.0] AndroidManifest.xml:33:17-96
150                android:value="com.google.firebase.components.ComponentRegistrar" />
150-->[com.google.firebase:firebase-iid:21.1.0] AndroidManifest.xml:34:17-82
151            <meta-data
151-->[com.google.firebase:firebase-datatransport:18.0.0] AndroidManifest.xml:28:13-30:85
152                android:name="com.google.firebase.components:com.google.firebase.datatransport.TransportRegistrar"
152-->[com.google.firebase:firebase-datatransport:18.0.0] AndroidManifest.xml:29:17-115
153                android:value="com.google.firebase.components.ComponentRegistrar" />
153-->[com.google.firebase:firebase-datatransport:18.0.0] AndroidManifest.xml:30:17-82
154            <meta-data
154-->[com.google.firebase:firebase-firestore:23.0.3] AndroidManifest.xml:20:13-22:85
155                android:name="com.google.firebase.components:com.google.firebase.firestore.FirestoreRegistrar"
155-->[com.google.firebase:firebase-firestore:23.0.3] AndroidManifest.xml:21:17-111
156                android:value="com.google.firebase.components.ComponentRegistrar" />
156-->[com.google.firebase:firebase-firestore:23.0.3] AndroidManifest.xml:22:17-82
157            <meta-data
157-->[com.google.android.gms:play-services-measurement-api:19.0.1] AndroidManifest.xml:30:13-32:85
158                android:name="com.google.firebase.components:com.google.firebase.analytics.connector.internal.AnalyticsConnectorRegistrar"
158-->[com.google.android.gms:play-services-measurement-api:19.0.1] AndroidManifest.xml:31:17-139
159                android:value="com.google.firebase.components.ComponentRegistrar" />
159-->[com.google.android.gms:play-services-measurement-api:19.0.1] AndroidManifest.xml:32:17-82
160            <meta-data
160-->[com.google.firebase:firebase-installations:17.0.0] AndroidManifest.xml:18:13-20:85
161                android:name="com.google.firebase.components:com.google.firebase.installations.FirebaseInstallationsRegistrar"
161-->[com.google.firebase:firebase-installations:17.0.0] AndroidManifest.xml:19:17-127
162                android:value="com.google.firebase.components.ComponentRegistrar" />
162-->[com.google.firebase:firebase-installations:17.0.0] AndroidManifest.xml:20:17-82
163        </service>
164        <service android:name="io.flutter.plugins.firebasemessaging.FlutterFirebaseMessagingService" >
164-->[:firebase_messaging] AndroidManifest.xml:8:9-12:19
164-->[:firebase_messaging] AndroidManifest.xml:8:18-101
165            <intent-filter>
165-->[:firebase_messaging] AndroidManifest.xml:9:13-11:29
166                <action android:name="com.google.firebase.MESSAGING_EVENT" />
166-->[:firebase_messaging] AndroidManifest.xml:10:17-78
166-->[:firebase_messaging] AndroidManifest.xml:10:25-75
167            </intent-filter>
168        </service>
169        <service
169-->[:location] AndroidManifest.xml:11:9-15:56
170            android:name="com.lyokone.location.FlutterLocationService"
170-->[:location] AndroidManifest.xml:12:13-71
171            android:enabled="true"
171-->[:location] AndroidManifest.xml:13:13-35
172            android:exported="false"
172-->[:location] AndroidManifest.xml:14:13-37
173            android:foregroundServiceType="location" />
173-->[:location] AndroidManifest.xml:15:13-53
174
175        <activity
175-->[com.google.firebase:firebase-auth:21.0.1] AndroidManifest.xml:27:9-44:20
176            android:name="com.google.firebase.auth.internal.GenericIdpActivity"
176-->[com.google.firebase:firebase-auth:21.0.1] AndroidManifest.xml:28:13-80
177            android:excludeFromRecents="true"
177-->[com.google.firebase:firebase-auth:21.0.1] AndroidManifest.xml:29:13-46
178            android:exported="true"
178-->[com.google.firebase:firebase-auth:21.0.1] AndroidManifest.xml:30:13-36
179            android:launchMode="singleTask"
179-->[com.google.firebase:firebase-auth:21.0.1] AndroidManifest.xml:31:13-44
180            android:theme="@android:style/Theme.Translucent.NoTitleBar" >
180-->[com.google.firebase:firebase-auth:21.0.1] AndroidManifest.xml:32:13-72
181            <intent-filter>
181-->[com.google.firebase:firebase-auth:21.0.1] AndroidManifest.xml:33:13-43:29
182                <action android:name="android.intent.action.VIEW" />
182-->[com.google.firebase:firebase-auth:21.0.1] AndroidManifest.xml:34:17-69
182-->[com.google.firebase:firebase-auth:21.0.1] AndroidManifest.xml:34:25-66
183
184                <category android:name="android.intent.category.DEFAULT" />
184-->src\main\AndroidManifest.xml:49:17-76
184-->src\main\AndroidManifest.xml:49:27-73
185                <category android:name="android.intent.category.BROWSABLE" />
185-->[com.google.firebase:firebase-auth:21.0.1] AndroidManifest.xml:37:17-78
185-->[com.google.firebase:firebase-auth:21.0.1] AndroidManifest.xml:37:27-75
186
187                <data
187-->[com.google.firebase:firebase-auth:21.0.1] AndroidManifest.xml:39:17-42:51
188                    android:host="firebase.auth"
188-->[com.google.firebase:firebase-auth:21.0.1] AndroidManifest.xml:40:21-49
189                    android:path="/"
189-->[com.google.firebase:firebase-auth:21.0.1] AndroidManifest.xml:41:21-37
190                    android:scheme="genericidp" />
190-->[com.google.firebase:firebase-auth:21.0.1] AndroidManifest.xml:42:21-48
191            </intent-filter>
192        </activity>
193        <activity
193-->[com.google.firebase:firebase-auth:21.0.1] AndroidManifest.xml:45:9-62:20
194            android:name="com.google.firebase.auth.internal.RecaptchaActivity"
194-->[com.google.firebase:firebase-auth:21.0.1] AndroidManifest.xml:46:13-79
195            android:excludeFromRecents="true"
195-->[com.google.firebase:firebase-auth:21.0.1] AndroidManifest.xml:47:13-46
196            android:exported="true"
196-->[com.google.firebase:firebase-auth:21.0.1] AndroidManifest.xml:48:13-36
197            android:launchMode="singleTask"
197-->[com.google.firebase:firebase-auth:21.0.1] AndroidManifest.xml:49:13-44
198            android:theme="@android:style/Theme.Translucent.NoTitleBar" >
198-->[com.google.firebase:firebase-auth:21.0.1] AndroidManifest.xml:50:13-72
199            <intent-filter>
199-->[com.google.firebase:firebase-auth:21.0.1] AndroidManifest.xml:51:13-61:29
200                <action android:name="android.intent.action.VIEW" />
200-->[com.google.firebase:firebase-auth:21.0.1] AndroidManifest.xml:34:17-69
200-->[com.google.firebase:firebase-auth:21.0.1] AndroidManifest.xml:34:25-66
201
202                <category android:name="android.intent.category.DEFAULT" />
202-->src\main\AndroidManifest.xml:49:17-76
202-->src\main\AndroidManifest.xml:49:27-73
203                <category android:name="android.intent.category.BROWSABLE" />
203-->[com.google.firebase:firebase-auth:21.0.1] AndroidManifest.xml:37:17-78
203-->[com.google.firebase:firebase-auth:21.0.1] AndroidManifest.xml:37:27-75
204
205                <data
205-->[com.google.firebase:firebase-auth:21.0.1] AndroidManifest.xml:39:17-42:51
206                    android:host="firebase.auth"
206-->[com.google.firebase:firebase-auth:21.0.1] AndroidManifest.xml:40:21-49
207                    android:path="/"
207-->[com.google.firebase:firebase-auth:21.0.1] AndroidManifest.xml:41:21-37
208                    android:scheme="recaptcha" />
208-->[com.google.firebase:firebase-auth:21.0.1] AndroidManifest.xml:42:21-48
209            </intent-filter>
210        </activity>
211
212        <service
212-->[com.google.firebase:firebase-auth:21.0.1] AndroidManifest.xml:64:9-73:19
213            android:name="com.google.firebase.auth.api.fallback.service.FirebaseAuthFallbackService"
213-->[com.google.firebase:firebase-auth:21.0.1] AndroidManifest.xml:65:13-101
214            android:enabled="true"
214-->[com.google.firebase:firebase-auth:21.0.1] AndroidManifest.xml:66:13-35
215            android:exported="false" >
215-->[com.google.firebase:firebase-auth:21.0.1] AndroidManifest.xml:67:13-37
216            <intent-filter>
216-->[com.google.firebase:firebase-auth:21.0.1] AndroidManifest.xml:68:13-72:29
217                <action android:name="com.google.firebase.auth.api.gms.service.START" />
217-->[com.google.firebase:firebase-auth:21.0.1] AndroidManifest.xml:69:17-89
217-->[com.google.firebase:firebase-auth:21.0.1] AndroidManifest.xml:69:25-86
218
219                <category android:name="android.intent.category.DEFAULT" />
219-->src\main\AndroidManifest.xml:49:17-76
219-->src\main\AndroidManifest.xml:49:27-73
220            </intent-filter>
221        </service>
222
223        <meta-data
223-->[com.onesignal:OneSignal:3.16.0] AndroidManifest.xml:49:9-51:51
224            android:name="onesignal_app_id"
224-->[com.onesignal:OneSignal:3.16.0] AndroidManifest.xml:50:13-44
225            android:value="${onesignal_app_id}" /> <!-- Deprecated - Pulled from OneSignal dashboard. -->
225-->[com.onesignal:OneSignal:3.16.0] AndroidManifest.xml:51:13-48
226        <meta-data
226-->[com.onesignal:OneSignal:3.16.0] AndroidManifest.xml:53:9-55:70
227            android:name="onesignal_google_project_number"
227-->[com.onesignal:OneSignal:3.16.0] AndroidManifest.xml:54:13-59
228            android:value="str:${onesignal_google_project_number}" />
228-->[com.onesignal:OneSignal:3.16.0] AndroidManifest.xml:55:13-67
229
230        <receiver
230-->[com.onesignal:OneSignal:3.16.0] AndroidManifest.xml:57:9-67:20
231            android:name="com.onesignal.GcmBroadcastReceiver"
231-->[com.onesignal:OneSignal:3.16.0] AndroidManifest.xml:58:13-62
232            android:permission="com.google.android.c2dm.permission.SEND" >
232-->[com.onesignal:OneSignal:3.16.0] AndroidManifest.xml:59:13-73
233
234            <!-- High priority so OneSignal payloads can be filtered from other GCM receivers if filterOtherGCMReceivers is enabled. -->
235            <intent-filter android:priority="999" >
235-->[com.onesignal:OneSignal:3.16.0] AndroidManifest.xml:62:13-66:29
235-->[com.onesignal:OneSignal:3.16.0] AndroidManifest.xml:62:28-50
236                <action android:name="com.google.android.c2dm.intent.RECEIVE" />
236-->[com.onesignal:OneSignal:3.16.0] AndroidManifest.xml:63:17-81
236-->[com.onesignal:OneSignal:3.16.0] AndroidManifest.xml:63:25-78
237
238                <category android:name="com.eco.temp" />
238-->[com.onesignal:OneSignal:3.16.0] AndroidManifest.xml:65:17-61
238-->[com.onesignal:OneSignal:3.16.0] AndroidManifest.xml:65:27-58
239            </intent-filter>
240        </receiver>
241        <receiver android:name="com.onesignal.NotificationOpenedReceiver" />
241-->[com.onesignal:OneSignal:3.16.0] AndroidManifest.xml:68:9-77
241-->[com.onesignal:OneSignal:3.16.0] AndroidManifest.xml:68:19-74
242
243        <service
243-->[com.onesignal:OneSignal:3.16.0] AndroidManifest.xml:70:9-76:19
244            android:name="com.onesignal.HmsMessageServiceOneSignal"
244-->[com.onesignal:OneSignal:3.16.0] AndroidManifest.xml:71:13-68
245            android:exported="false" >
245-->[com.onesignal:OneSignal:3.16.0] AndroidManifest.xml:72:13-37
246            <intent-filter>
246-->[com.onesignal:OneSignal:3.16.0] AndroidManifest.xml:73:13-75:29
247                <action android:name="com.huawei.push.action.MESSAGING_EVENT" />
247-->[com.onesignal:OneSignal:3.16.0] AndroidManifest.xml:74:17-81
247-->[com.onesignal:OneSignal:3.16.0] AndroidManifest.xml:74:25-78
248            </intent-filter>
249        </service>
250
251        <activity
251-->[com.onesignal:OneSignal:3.16.0] AndroidManifest.xml:78:9-84:20
252            android:name="com.onesignal.NotificationOpenedActivityHMS"
252-->[com.onesignal:OneSignal:3.16.0] AndroidManifest.xml:79:13-71
253            android:theme="@android:style/Theme.Translucent.NoTitleBar" >
253-->[com.onesignal:OneSignal:3.16.0] AndroidManifest.xml:80:13-72
254            <intent-filter>
254-->[com.onesignal:OneSignal:3.16.0] AndroidManifest.xml:81:13-83:29
255                <action android:name="android.intent.action.VIEW" />
255-->[com.google.firebase:firebase-auth:21.0.1] AndroidManifest.xml:34:17-69
255-->[com.google.firebase:firebase-auth:21.0.1] AndroidManifest.xml:34:25-66
256            </intent-filter>
257        </activity>
258
259        <service android:name="com.onesignal.GcmIntentService" />
259-->[com.onesignal:OneSignal:3.16.0] AndroidManifest.xml:86:9-66
259-->[com.onesignal:OneSignal:3.16.0] AndroidManifest.xml:86:18-63
260        <service
260-->[com.onesignal:OneSignal:3.16.0] AndroidManifest.xml:87:9-89:72
261            android:name="com.onesignal.GcmIntentJobService"
261-->[com.onesignal:OneSignal:3.16.0] AndroidManifest.xml:88:13-61
262            android:permission="android.permission.BIND_JOB_SERVICE" />
262-->[com.onesignal:OneSignal:3.16.0] AndroidManifest.xml:89:13-69
263        <service
263-->[com.onesignal:OneSignal:3.16.0] AndroidManifest.xml:90:9-92:72
264            android:name="com.onesignal.RestoreJobService"
264-->[com.onesignal:OneSignal:3.16.0] AndroidManifest.xml:91:13-59
265            android:permission="android.permission.BIND_JOB_SERVICE" />
265-->[com.onesignal:OneSignal:3.16.0] AndroidManifest.xml:92:13-69
266        <service
266-->[com.onesignal:OneSignal:3.16.0] AndroidManifest.xml:93:9-95:72
267            android:name="com.onesignal.RestoreKickoffJobService"